The system is: Linux - 4.19.90-2003.4.0.0036.oe1.aarch64 - aarch64
Compiling the C compiler identification source file "CMakeCCompilerId.c" succeeded.
Compiler: /usr/bin/cc 
Build flags: 
Id flags:  

The output was:
0


Compilation of the C compiler identification source "CMakeCCompilerId.c" produced "a.out"

The C compiler identification is GNU, found in "/home/yemaolin2021155015/cmake-build-debug/CMakeFiles/3.12.1/CompilerIdC/a.out"

Determining if the C compiler works passed with the following output:
Change Dir: /home/yemaolin2021155015/cmake-build-debug/CMakeFiles/CMakeTmp

Run Build Command:"/usr/bin/gmake" "cmTC_6c49c/fast"
/usr/bin/gmake -f CMakeFiles/cmTC_6c49c.dir/build.make CMakeFiles/cmTC_6c49c.dir/build
gmake[1]: 进入目录“/home/yemaolin2021155015/cmake-build-debug/CMakeFiles/CMakeTmp”
Building C object CMakeFiles/cmTC_6c49c.dir/testCCompiler.c.o
/usr/bin/cc    -o CMakeFiles/cmTC_6c49c.dir/testCCompiler.c.o   -c /home/yemaolin2021155015/cmake-build-debug/CMakeFiles/CMakeTmp/testCCompiler.c
Linking C executable cmTC_6c49c
/usr/bin/cmake -E cmake_link_script CMakeFiles/cmTC_6c49c.dir/link.txt --verbose=1
/usr/bin/cc      CMakeFiles/cmTC_6c49c.dir/testCCompiler.c.o  -o cmTC_6c49c 
gmake[1]: 离开目录“/home/yemaolin2021155015/cmake-build-debug/CMakeFiles/CMakeTmp”


Detecting C compiler ABI info compiled with the following output:
Change Dir: /home/yemaolin2021155015/cmake-build-debug/CMakeFiles/CMakeTmp

Run Build Command:"/usr/bin/gmake" "cmTC_3699f/fast"
/usr/bin/gmake -f CMakeFiles/cmTC_3699f.dir/build.make CMakeFiles/cmTC_3699f.dir/build
gmake[1]: 进入目录“/home/yemaolin2021155015/cmake-build-debug/CMakeFiles/CMakeTmp”
Building C object CMakeFiles/cmTC_3699f.dir/CMakeCCompilerABI.c.o
/usr/bin/cc    -o CMakeFiles/cmTC_3699f.dir/CMakeCCompilerABI.c.o   -c /usr/share/cmake/Modules/CMakeCCompilerABI.c
Linking C executable cmTC_3699f
/usr/bin/cmake -E cmake_link_script CMakeFiles/cmTC_3699f.dir/link.txt --verbose=1
/usr/bin/cc     -v CMakeFiles/cmTC_3699f.dir/CMakeCCompilerABI.c.o  -o cmTC_3699f 
使用内建 specs。
COLLECT_GCC=/usr/bin/cc
COLLECT_LTO_WRAPPER=/usr/libexec/gcc/aarch64-linux-gnu/7.3.0/lto-wrapper
目标：aarch64-linux-gnu
配置为：../configure --prefix=/usr --mandir=/usr/share/man --infodir=/usr/share/info --enable-shared --enable-threads=posix --enable-checking=release --with-system-zlib --enable-__cxa_atexit --disable-libunwind-exceptions --enable-gnu-unique-object --enable-linker-build-id --with-linker-hash-style=gnu --enable-languages=c,c++,objc,obj-c++,fortran,lto --enable-plugin --enable-initfini-array --disable-libgcj --without-isl --without-cloog --enable-gnu-indirect-function --build=aarch64-linux-gnu --with-stage1-ldflags=' -Wl,-z,relro,-z,now' --with-boot-ldflags=' -Wl,-z,relro,-z,now' --with-multilib-list=lp64
线程模型：posix
gcc 版本 7.3.0 (GCC) 
COMPILER_PATH=/usr/libexec/gcc/aarch64-linux-gnu/7.3.0/:/usr/libexec/gcc/aarch64-linux-gnu/7.3.0/:/usr/libexec/gcc/aarch64-linux-gnu/:/usr/lib/gcc/aarch64-linux-gnu/7.3.0/:/usr/lib/gcc/aarch64-linux-gnu/
LIBRARY_PATH=/usr/lib/gcc/aarch64-linux-gnu/7.3.0/:/usr/lib/gcc/aarch64-linux-gnu/7.3.0/../../../../lib64/:/lib/../lib64/:/usr/lib/../lib64/:/usr/lib/gcc/aarch64-linux-gnu/7.3.0/../../../:/lib/:/usr/lib/
COLLECT_GCC_OPTIONS='-v' '-o' 'cmTC_3699f' '-mlittle-endian' '-mabi=lp64'
 /usr/libexec/gcc/aarch64-linux-gnu/7.3.0/collect2 -plugin /usr/libexec/gcc/aarch64-linux-gnu/7.3.0/liblto_plugin.so -plugin-opt=/usr/libexec/gcc/aarch64-linux-gnu/7.3.0/lto-wrapper -plugin-opt=-fresolution=/tmp/ccRfrwdY.res -plugin-opt=-pass-through=-lgcc -plugin-opt=-pass-through=-lgcc_s -plugin-opt=-pass-through=-lc -plugin-opt=-pass-through=-lgcc -plugin-opt=-pass-through=-lgcc_s --build-id --eh-frame-hdr --hash-style=gnu -dynamic-linker /lib/ld-linux-aarch64.so.1 -X -EL -maarch64linux -o cmTC_3699f /usr/lib/gcc/aarch64-linux-gnu/7.3.0/../../../../lib64/crt1.o /usr/lib/gcc/aarch64-linux-gnu/7.3.0/../../../../lib64/crti.o /usr/lib/gcc/aarch64-linux-gnu/7.3.0/crtbegin.o -L/usr/lib/gcc/aarch64-linux-gnu/7.3.0 -L/usr/lib/gcc/aarch64-linux-gnu/7.3.0/../../../../lib64 -L/lib/../lib64 -L/usr/lib/../lib64 -L/usr/lib/gcc/aarch64-linux-gnu/7.3.0/../../.. CMakeFiles/cmTC_3699f.dir/CMakeCCompilerABI.c.o -lgcc --as-needed -lgcc_s --no-as-needed -lc -lgcc --as-needed -lgcc_s --no-as-needed /usr/lib/gcc/aarch64-linux-gnu/7.3.0/crtend.o /usr/lib/gcc/aarch64-linux-gnu/7.3.0/../../../../lib64/crtn.o
COLLECT_GCC_OPTIONS='-v' '-o' 'cmTC_3699f' '-mlittle-endian' '-mabi=lp64'
gmake[1]: 离开目录“/home/yemaolin2021155015/cmake-build-debug/CMakeFiles/CMakeTmp”


Parsed C implicit link information from above output:
  link line regex: [^( *|.*[/\])(ld|CMAKE_LINK_STARTFILE-NOTFOUND|([^/\]+-)?ld|collect2)[^/\]*( |$)]
  ignore line: [Change Dir: /home/yemaolin2021155015/cmake-build-debug/CMakeFiles/CMakeTmp]
  ignore line: []
  ignore line: [Run Build Command:"/usr/bin/gmake" "cmTC_3699f/fast"]
  ignore line: [/usr/bin/gmake -f CMakeFiles/cmTC_3699f.dir/build.make CMakeFiles/cmTC_3699f.dir/build]
  ignore line: [gmake[1]: 进入目录“/home/yemaolin2021155015/cmake-build-debug/CMakeFiles/CMakeTmp”]
  ignore line: [Building C object CMakeFiles/cmTC_3699f.dir/CMakeCCompilerABI.c.o]
  ignore line: [/usr/bin/cc    -o CMakeFiles/cmTC_3699f.dir/CMakeCCompilerABI.c.o   -c /usr/share/cmake/Modules/CMakeCCompilerABI.c]
  ignore line: [Linking C executable cmTC_3699f]
  ignore line: [/usr/bin/cmake -E cmake_link_script CMakeFiles/cmTC_3699f.dir/link.txt --verbose=1]
  ignore line: [/usr/bin/cc     -v CMakeFiles/cmTC_3699f.dir/CMakeCCompilerABI.c.o  -o cmTC_3699f ]
  ignore line: [使用内建 specs。]
  ignore line: [COLLECT_GCC=/usr/bin/cc]
  ignore line: [COLLECT_LTO_WRAPPER=/usr/libexec/gcc/aarch64-linux-gnu/7.3.0/lto-wrapper]
  ignore line: [目标：aarch64-linux-gnu]
  ignore line: [配置为：../configure --prefix=/usr --mandir=/usr/share/man --infodir=/usr/share/info --enable-shared --enable-threads=posix --enable-checking=release --with-system-zlib --enable-__cxa_atexit --disable-libunwind-exceptions --enable-gnu-unique-object --enable-linker-build-id --with-linker-hash-style=gnu --enable-languages=c,c++,objc,obj-c++,fortran,lto --enable-plugin --enable-initfini-array --disable-libgcj --without-isl --without-cloog --enable-gnu-indirect-function --build=aarch64-linux-gnu --with-stage1-ldflags=' -Wl,-z,relro,-z,now' --with-boot-ldflags=' -Wl,-z,relro,-z,now' --with-multilib-list=lp64]
  ignore line: [线程模型：posix]
  ignore line: [gcc 版本 7.3.0 (GCC) ]
  ignore line: [COMPILER_PATH=/usr/libexec/gcc/aarch64-linux-gnu/7.3.0/:/usr/libexec/gcc/aarch64-linux-gnu/7.3.0/:/usr/libexec/gcc/aarch64-linux-gnu/:/usr/lib/gcc/aarch64-linux-gnu/7.3.0/:/usr/lib/gcc/aarch64-linux-gnu/]
  ignore line: [LIBRARY_PATH=/usr/lib/gcc/aarch64-linux-gnu/7.3.0/:/usr/lib/gcc/aarch64-linux-gnu/7.3.0/../../../../lib64/:/lib/../lib64/:/usr/lib/../lib64/:/usr/lib/gcc/aarch64-linux-gnu/7.3.0/../../../:/lib/:/usr/lib/]
  ignore line: [COLLECT_GCC_OPTIONS='-v' '-o' 'cmTC_3699f' '-mlittle-endian' '-mabi=lp64']
  link line: [ /usr/libexec/gcc/aarch64-linux-gnu/7.3.0/collect2 -plugin /usr/libexec/gcc/aarch64-linux-gnu/7.3.0/liblto_plugin.so -plugin-opt=/usr/libexec/gcc/aarch64-linux-gnu/7.3.0/lto-wrapper -plugin-opt=-fresolution=/tmp/ccRfrwdY.res -plugin-opt=-pass-through=-lgcc -plugin-opt=-pass-through=-lgcc_s -plugin-opt=-pass-through=-lc -plugin-opt=-pass-through=-lgcc -plugin-opt=-pass-through=-lgcc_s --build-id --eh-frame-hdr --hash-style=gnu -dynamic-linker /lib/ld-linux-aarch64.so.1 -X -EL -maarch64linux -o cmTC_3699f /usr/lib/gcc/aarch64-linux-gnu/7.3.0/../../../../lib64/crt1.o /usr/lib/gcc/aarch64-linux-gnu/7.3.0/../../../../lib64/crti.o /usr/lib/gcc/aarch64-linux-gnu/7.3.0/crtbegin.o -L/usr/lib/gcc/aarch64-linux-gnu/7.3.0 -L/usr/lib/gcc/aarch64-linux-gnu/7.3.0/../../../../lib64 -L/lib/../lib64 -L/usr/lib/../lib64 -L/usr/lib/gcc/aarch64-linux-gnu/7.3.0/../../.. CMakeFiles/cmTC_3699f.dir/CMakeCCompilerABI.c.o -lgcc --as-needed -lgcc_s --no-as-needed -lc -lgcc --as-needed -lgcc_s --no-as-needed /usr/lib/gcc/aarch64-linux-gnu/7.3.0/crtend.o /usr/lib/gcc/aarch64-linux-gnu/7.3.0/../../../../lib64/crtn.o]
    arg [/usr/libexec/gcc/aarch64-linux-gnu/7.3.0/collect2] ==> ignore
    arg [-plugin] ==> ignore
    arg [/usr/libexec/gcc/aarch64-linux-gnu/7.3.0/liblto_plugin.so] ==> ignore
    arg [-plugin-opt=/usr/libexec/gcc/aarch64-linux-gnu/7.3.0/lto-wrapper] ==> ignore
    arg [-plugin-opt=-fresolution=/tmp/ccRfrwdY.res] ==> ignore
    arg [-plugin-opt=-pass-through=-lgcc] ==> ignore
    arg [-plugin-opt=-pass-through=-lgcc_s] ==> ignore
    arg [-plugin-opt=-pass-through=-lc] ==> ignore
    arg [-plugin-opt=-pass-through=-lgcc] ==> ignore
    arg [-plugin-opt=-pass-through=-lgcc_s] ==> ignore
    arg [--build-id] ==> ignore
    arg [--eh-frame-hdr] ==> ignore
    arg [--hash-style=gnu] ==> ignore
    arg [-dynamic-linker] ==> ignore
    arg [/lib/ld-linux-aarch64.so.1] ==> ignore
    arg [-X] ==> ignore
    arg [-EL] ==> ignore
    arg [-maarch64linux] ==> ignore
    arg [-o] ==> ignore
    arg [cmTC_3699f] ==> ignore
    arg [/usr/lib/gcc/aarch64-linux-gnu/7.3.0/../../../../lib64/crt1.o] ==> ignore
    arg [/usr/lib/gcc/aarch64-linux-gnu/7.3.0/../../../../lib64/crti.o] ==> ignore
    arg [/usr/lib/gcc/aarch64-linux-gnu/7.3.0/crtbegin.o] ==> ignore
    arg [-L/usr/lib/gcc/aarch64-linux-gnu/7.3.0] ==> dir [/usr/lib/gcc/aarch64-linux-gnu/7.3.0]
    arg [-L/usr/lib/gcc/aarch64-linux-gnu/7.3.0/../../../../lib64] ==> dir [/usr/lib/gcc/aarch64-linux-gnu/7.3.0/../../../../lib64]
    arg [-L/lib/../lib64] ==> dir [/lib/../lib64]
    arg [-L/usr/lib/../lib64] ==> dir [/usr/lib/../lib64]
    arg [-L/usr/lib/gcc/aarch64-linux-gnu/7.3.0/../../..] ==> dir [/usr/lib/gcc/aarch64-linux-gnu/7.3.0/../../..]
    arg [CMakeFiles/cmTC_3699f.dir/CMakeCCompilerABI.c.o] ==> ignore
    arg [-lgcc] ==> lib [gcc]
    arg [--as-needed] ==> ignore
    arg [-lgcc_s] ==> lib [gcc_s]
    arg [--no-as-needed] ==> ignore
    arg [-lc] ==> lib [c]
    arg [-lgcc] ==> lib [gcc]
    arg [--as-needed] ==> ignore
    arg [-lgcc_s] ==> lib [gcc_s]
    arg [--no-as-needed] ==> ignore
    arg [/usr/lib/gcc/aarch64-linux-gnu/7.3.0/crtend.o] ==> ignore
    arg [/usr/lib/gcc/aarch64-linux-gnu/7.3.0/../../../../lib64/crtn.o] ==> ignore
  collapse library dir [/usr/lib/gcc/aarch64-linux-gnu/7.3.0] ==> [/usr/lib/gcc/aarch64-linux-gnu/7.3.0]
  collapse library dir [/usr/lib/gcc/aarch64-linux-gnu/7.3.0/../../../../lib64] ==> [/usr/lib64]
  collapse library dir [/lib/../lib64] ==> [/lib64]
  collapse library dir [/usr/lib/../lib64] ==> [/usr/lib64]
  collapse library dir [/usr/lib/gcc/aarch64-linux-gnu/7.3.0/../../..] ==> [/usr/lib]
  implicit libs: [gcc;gcc_s;c;gcc;gcc_s]
  implicit dirs: [/usr/lib/gcc/aarch64-linux-gnu/7.3.0;/usr/lib64;/lib64;/usr/lib]
  implicit fwks: []




Detecting C [-std=c11] compiler features compiled with the following output:
Change Dir: /home/yemaolin2021155015/cmake-build-debug/CMakeFiles/CMakeTmp

Run Build Command:"/usr/bin/gmake" "cmTC_ce322/fast"
/usr/bin/gmake -f CMakeFiles/cmTC_ce322.dir/build.make CMakeFiles/cmTC_ce322.dir/build
gmake[1]: 进入目录“/home/yemaolin2021155015/cmake-build-debug/CMakeFiles/CMakeTmp”
Building C object CMakeFiles/cmTC_ce322.dir/feature_tests.c.o
/usr/bin/cc   -std=c11 -o CMakeFiles/cmTC_ce322.dir/feature_tests.c.o   -c /home/yemaolin2021155015/cmake-build-debug/CMakeFiles/feature_tests.c
Linking C executable cmTC_ce322
/usr/bin/cmake -E cmake_link_script CMakeFiles/cmTC_ce322.dir/link.txt --verbose=1
/usr/bin/cc      CMakeFiles/cmTC_ce322.dir/feature_tests.c.o  -o cmTC_ce322 
gmake[1]: 离开目录“/home/yemaolin2021155015/cmake-build-debug/CMakeFiles/CMakeTmp”


    Feature record: C_FEATURE:1c_function_prototypes
    Feature record: C_FEATURE:1c_restrict
    Feature record: C_FEATURE:1c_static_assert
    Feature record: C_FEATURE:1c_variadic_macros


Detecting C [-std=c99] compiler features compiled with the following output:
Change Dir: /home/yemaolin2021155015/cmake-build-debug/CMakeFiles/CMakeTmp

Run Build Command:"/usr/bin/gmake" "cmTC_f6757/fast"
/usr/bin/gmake -f CMakeFiles/cmTC_f6757.dir/build.make CMakeFiles/cmTC_f6757.dir/build
gmake[1]: 进入目录“/home/yemaolin2021155015/cmake-build-debug/CMakeFiles/CMakeTmp”
Building C object CMakeFiles/cmTC_f6757.dir/feature_tests.c.o
/usr/bin/cc   -std=c99 -o CMakeFiles/cmTC_f6757.dir/feature_tests.c.o   -c /home/yemaolin2021155015/cmake-build-debug/CMakeFiles/feature_tests.c
Linking C executable cmTC_f6757
/usr/bin/cmake -E cmake_link_script CMakeFiles/cmTC_f6757.dir/link.txt --verbose=1
/usr/bin/cc      CMakeFiles/cmTC_f6757.dir/feature_tests.c.o  -o cmTC_f6757 
gmake[1]: 离开目录“/home/yemaolin2021155015/cmake-build-debug/CMakeFiles/CMakeTmp”


    Feature record: C_FEATURE:1c_function_prototypes
    Feature record: C_FEATURE:1c_restrict
    Feature record: C_FEATURE:0c_static_assert
    Feature record: C_FEATURE:1c_variadic_macros


Detecting C [-std=c90] compiler features compiled with the following output:
Change Dir: /home/yemaolin2021155015/cmake-build-debug/CMakeFiles/CMakeTmp

Run Build Command:"/usr/bin/gmake" "cmTC_ba2bb/fast"
/usr/bin/gmake -f CMakeFiles/cmTC_ba2bb.dir/build.make CMakeFiles/cmTC_ba2bb.dir/build
gmake[1]: 进入目录“/home/yemaolin2021155015/cmake-build-debug/CMakeFiles/CMakeTmp”
Building C object CMakeFiles/cmTC_ba2bb.dir/feature_tests.c.o
/usr/bin/cc   -std=c90 -o CMakeFiles/cmTC_ba2bb.dir/feature_tests.c.o   -c /home/yemaolin2021155015/cmake-build-debug/CMakeFiles/feature_tests.c
Linking C executable cmTC_ba2bb
/usr/bin/cmake -E cmake_link_script CMakeFiles/cmTC_ba2bb.dir/link.txt --verbose=1
/usr/bin/cc      CMakeFiles/cmTC_ba2bb.dir/feature_tests.c.o  -o cmTC_ba2bb 
gmake[1]: 离开目录“/home/yemaolin2021155015/cmake-build-debug/CMakeFiles/CMakeTmp”


    Feature record: C_FEATURE:1c_function_prototypes
    Feature record: C_FEATURE:0c_restrict
    Feature record: C_FEATURE:0c_static_assert
    Feature record: C_FEATURE:0c_variadic_macros
